cl : 命令行 warning D9035: “Gm”选项已否决，并将在将来的版本中移除
  amxxmodule.cpp
C:\Users\lzd\Desktop\amxmodx-amxmodx-1.8.2\dlls\mysqlx\sdk\amxxmodule.h(16,10): fatal error C1083: 无法打开包括文件: “extdll.h”: No such file or directory
  MysqlResultSet.cpp
C:\Users\lzd\Desktop\amxmodx-amxmodx-1.8.2\dlls\mysqlx\mysql\MysqlHeaders.h(23,10): fatal error C1083: 无法打开包括文件: “mysql.h”: No such file or directory
  MysqlQuery.cpp
C:\Users\lzd\Desktop\amxmodx-amxmodx-1.8.2\dlls\mysqlx\mysql\MysqlHeaders.h(23,10): fatal error C1083: 无法打开包括文件: “mysql.h”: No such file or directory
  MysqlDriver.cpp
C:\Users\lzd\Desktop\amxmodx-amxmodx-1.8.2\dlls\mysqlx\mysql\MysqlHeaders.h(23,10): fatal error C1083: 无法打开包括文件: “mysql.h”: No such file or directory
  MysqlDatabase.cpp
C:\Users\lzd\Desktop\amxmodx-amxmodx-1.8.2\dlls\mysqlx\mysql\MysqlHeaders.h(23,10): fatal error C1083: 无法打开包括文件: “mysql.h”: No such file or directory
  WinThreads.cpp
  ThreadWorker.cpp
  BaseWorker.cpp
  threading.cpp
C:\Users\lzd\Desktop\amxmodx-amxmodx-1.8.2\dlls\mysqlx\sdk\amxxmodule.h(16,10): fatal error C1083: 无法打开包括文件: “extdll.h”: No such file or directory
  oldcompat_sql.cpp
C:\Users\lzd\Desktop\amxmodx-amxmodx-1.8.2\dlls\mysqlx\mysql\MysqlHeaders.h(23,10): fatal error C1083: 无法打开包括文件: “mysql.h”: No such file or directory
  module.cpp
C:\Users\lzd\Desktop\amxmodx-amxmodx-1.8.2\dlls\mysqlx\sdk\amxxmodule.h(16,10): fatal error C1083: 无法打开包括文件: “extdll.h”: No such file or directory
  handles.cpp
C:\Users\lzd\Desktop\amxmodx-amxmodx-1.8.2\dlls\mysqlx\mysql\MysqlHeaders.h(23,10): fatal error C1083: 无法打开包括文件: “mysql.h”: No such file or directory
  basic_sql.cpp
C:\Users\lzd\Desktop\amxmodx-amxmodx-1.8.2\dlls\mysqlx\mysql\MysqlHeaders.h(23,10): fatal error C1083: 无法打开包括文件: “mysql.h”: No such file or directory
  正在生成代码...
